
  .   ____          _            __ _ _
 /\\ / ___'_ __ _ _(_)_ __  __ _ \ \ \ \
( ( )\___ | '_ | '_| | '_ \/ _` | \ \ \ \
 \\/  ___)| |_)| | | | | || (_| |  ) ) ) )
  '  |____| .__|_| |_|_| |_\__, | / / / /
 =========|_|==============|___/=/_/_/_/

 :: Spring Boot ::                (v3.5.5)

2025-08-25T15:27:04.493+02:00  INFO 25276 --- [Package-Transport] [           main] o.e.p.PackageTransportApplication        : Starting PackageTransportApplication v0.0.1-SNAPSHOT using Java 21.0.5 with PID 25276 (C:\Users\madec\OneDrive\Pulpit\Coding projects\package-line\backend\Package-Transport\target\Package-Transport-0.0.1-SNAPSHOT.jar started by madec in C:\Users\madec\OneDrive\Pulpit\Coding projects\package-line)
2025-08-25T15:27:04.499+02:00  INFO 25276 --- [Package-Transport] [           main] o.e.p.PackageTransportApplication        : No active profile set, falling back to 1 default profile: "default"
2025-08-25T15:27:07.104+02:00  INFO 25276 --- [Package-Transport] [           main] .s.d.r.c.RepositoryConfigurationDelegate : Bootstrapping Spring Data JPA repositories in DEFAULT mode.
2025-08-25T15:27:07.271+02:00  INFO 25276 --- [Package-Transport] [           main] .s.d.r.c.RepositoryConfigurationDelegate : Finished Spring Data repository scanning in 144 ms. Found 1 JPA repository interface.
2025-08-25T15:27:09.028+02:00  INFO 25276 --- [Package-Transport] [           main] o.s.b.w.embedded.tomcat.TomcatWebServer  : Tomcat initialized with port 8082 (http)
2025-08-25T15:27:09.060+02:00  INFO 25276 --- [Package-Transport] [           main] o.apache.catalina.core.StandardService   : Starting service [Tomcat]
2025-08-25T15:27:09.060+02:00  INFO 25276 --- [Package-Transport] [           main] o.apache.catalina.core.StandardEngine    : Starting Servlet engine: [Apache Tomcat/10.1.44]
2025-08-25T15:27:09.164+02:00  INFO 25276 --- [Package-Transport] [           main] o.a.c.c.C.[Tomcat].[localhost].[/]       : Initializing Spring embedded WebApplicationContext
2025-08-25T15:27:09.170+02:00  INFO 25276 --- [Package-Transport] [           main] w.s.c.ServletWebServerApplicationContext : Root WebApplicationContext: initialization completed in 4533 ms
2025-08-25T15:27:10.194+02:00  INFO 25276 --- [Package-Transport] [           main] o.hibernate.jpa.internal.util.LogHelper  : HHH000204: Processing PersistenceUnitInfo [name: default]
2025-08-25T15:27:10.381+02:00  INFO 25276 --- [Package-Transport] [           main] org.hibernate.Version                    : HHH000412: Hibernate ORM core version 6.6.26.Final
2025-08-25T15:27:10.439+02:00  INFO 25276 --- [Package-Transport] [           main] o.h.c.internal.RegionFactoryInitiator    : HHH000026: Second-level cache disabled
2025-08-25T15:27:11.220+02:00  INFO 25276 --- [Package-Transport] [           main] o.s.o.j.p.SpringPersistenceUnitInfo      : No LoadTimeWeaver setup: ignoring JPA class transformer
2025-08-25T15:27:11.312+02:00  INFO 25276 --- [Package-Transport] [           main] com.zaxxer.hikari.HikariDataSource       : HikariPool-1 - Starting...
2025-08-25T15:27:11.930+02:00  INFO 25276 --- [Package-Transport] [           main] com.zaxxer.hikari.pool.HikariPool        : HikariPool-1 - Added connection org.postgresql.jdbc.PgConnection@171aa66
2025-08-25T15:27:11.932+02:00  INFO 25276 --- [Package-Transport] [           main] com.zaxxer.hikari.HikariDataSource       : HikariPool-1 - Start completed.
2025-08-25T15:27:12.155+02:00  INFO 25276 --- [Package-Transport] [           main] org.hibernate.orm.connections.pooling    : HHH10001005: Database info:
	Database JDBC URL [Connecting through datasource 'HikariDataSource (HikariPool-1)']
	Database driver: undefined/unknown
	Database version: 17.5
	Autocommit mode: undefined/unknown
	Isolation level: undefined/unknown
	Minimum pool size: undefined/unknown
	Maximum pool size: undefined/unknown
2025-08-25T15:27:13.333+02:00  INFO 25276 --- [Package-Transport] [           main] o.h.e.t.j.p.i.JtaPlatformInitiator       : HHH000489: No JTA platform available (set 'hibernate.transaction.jta.platform' to enable JTA platform integration)
2025-08-25T15:27:13.395+02:00  INFO 25276 --- [Package-Transport] [           main] j.LocalContainerEntityManagerFactoryBean : Initialized JPA EntityManagerFactory for persistence unit 'default'
2025-08-25T15:27:14.596+02:00  WARN 25276 --- [Package-Transport] [           main] JpaBaseConfiguration$JpaWebConfiguration : spring.jpa.open-in-view is enabled by default. Therefore, database queries may be performed during view rendering. Explicitly configure spring.jpa.open-in-view to disable this warning
2025-08-25T15:27:16.516+02:00  INFO 25276 --- [Package-Transport] [           main] o.s.b.w.embedded.tomcat.TomcatWebServer  : Tomcat started on port 8082 (http) with context path '/'
2025-08-25T15:27:16.626+02:00  INFO 25276 --- [Package-Transport] [           main] o.a.k.clients.consumer.ConsumerConfig    : ConsumerConfig values: 
	allow.auto.create.topics = true
	auto.commit.interval.ms = 5000
	auto.include.jmx.reporter = true
	auto.offset.reset = latest
	bootstrap.servers = [localhost:9092]
	check.crcs = true
	client.dns.lookup = use_all_dns_ips
	client.id = consumer-package-sorted-group-1
	client.rack = 
	connections.max.idle.ms = 540000
	default.api.timeout.ms = 60000
	enable.auto.commit = false
	enable.metrics.push = true
	exclude.internal.topics = true
	fetch.max.bytes = 52428800
	fetch.max.wait.ms = 500
	fetch.min.bytes = 1
	group.id = package-sorted-group
	group.instance.id = null
	group.protocol = classic
	group.remote.assignor = null
	heartbeat.interval.ms = 3000
	interceptor.classes = []
	internal.leave.group.on.close = true
	internal.throw.on.fetch.stable.offset.unsupported = false
	isolation.level = read_uncommitted
	key.deserializer = class org.apache.kafka.common.serialization.StringDeserializer
	max.partition.fetch.bytes = 1048576
	max.poll.interval.ms = 300000
	max.poll.records = 500
	metadata.max.age.ms = 300000
	metadata.recovery.strategy = none
	metric.reporters = []
	metrics.num.samples = 2
	metrics.recording.level = INFO
	metrics.sample.window.ms = 30000
	partition.assignment.strategy = [class org.apache.kafka.clients.consumer.RangeAssignor, class org.apache.kafka.clients.consumer.CooperativeStickyAssignor]
	receive.buffer.bytes = 65536
	reconnect.backoff.max.ms = 1000
	reconnect.backoff.ms = 50
	request.timeout.ms = 30000
	retry.backoff.max.ms = 1000
	retry.backoff.ms = 100
	sasl.client.callback.handler.class = null
	sasl.jaas.config = null
	sasl.kerberos.kinit.cmd = /usr/bin/kinit
	sasl.kerberos.min.time.before.relogin = 60000
	sasl.kerberos.service.name = null
	sasl.kerberos.ticket.renew.jitter = 0.05
	sasl.kerberos.ticket.renew.window.factor = 0.8
	sasl.login.callback.handler.class = null
	sasl.login.class = null
	sasl.login.connect.timeout.ms = null
	sasl.login.read.timeout.ms = null
	sasl.login.refresh.buffer.seconds = 300
	sasl.login.refresh.min.period.seconds = 60
	sasl.login.refresh.window.factor = 0.8
	sasl.login.refresh.window.jitter = 0.05
	sasl.login.retry.backoff.max.ms = 10000
	sasl.login.retry.backoff.ms = 100
	sasl.mechanism = GSSAPI
	sasl.oauthbearer.clock.skew.seconds = 30
	sasl.oauthbearer.expected.audience = null
	sasl.oauthbearer.expected.issuer = null
	sasl.oauthbearer.header.urlencode = false
	sasl.oauthbearer.jwks.endpoint.refresh.ms = 3600000
	sasl.oauthbearer.jwks.endpoint.retry.backoff.max.ms = 10000
	sasl.oauthbearer.jwks.endpoint.retry.backoff.ms = 100
	sasl.oauthbearer.jwks.endpoint.url = null
	sasl.oauthbearer.scope.claim.name = scope
	sasl.oauthbearer.sub.claim.name = sub
	sasl.oauthbearer.token.endpoint.url = null
	security.protocol = PLAINTEXT
	security.providers = null
	send.buffer.bytes = 131072
	session.timeout.ms = 45000
	socket.connection.setup.timeout.max.ms = 30000
	socket.connection.setup.timeout.ms = 10000
	ssl.cipher.suites = null
	ssl.enabled.protocols = [TLSv1.2, TLSv1.3]
	ssl.endpoint.identification.algorithm = https
	ssl.engine.factory.class = null
	ssl.key.password = null
	ssl.keymanager.algorithm = SunX509
	ssl.keystore.certificate.chain = null
	ssl.keystore.key = null
	ssl.keystore.location = null
	ssl.keystore.password = null
	ssl.keystore.type = JKS
	ssl.protocol = TLSv1.3
	ssl.provider = null
	ssl.secure.random.implementation = null
	ssl.trustmanager.algorithm = PKIX
	ssl.truststore.certificates = null
	ssl.truststore.location = null
	ssl.truststore.password = null
	ssl.truststore.type = JKS
	value.deserializer = class org.springframework.kafka.support.serializer.JsonDeserializer

2025-08-25T15:27:16.778+02:00  INFO 25276 --- [Package-Transport] [           main] o.a.k.c.t.i.KafkaMetricsCollector        : initializing Kafka metrics collector
2025-08-25T15:27:17.172+02:00  INFO 25276 --- [Package-Transport] [           main] o.a.kafka.common.utils.AppInfoParser     : Kafka version: 3.9.1
2025-08-25T15:27:17.172+02:00  INFO 25276 --- [Package-Transport] [           main] o.a.kafka.common.utils.AppInfoParser     : Kafka commitId: f745dfdcee2b9851
2025-08-25T15:27:17.172+02:00  INFO 25276 --- [Package-Transport] [           main] o.a.kafka.common.utils.AppInfoParser     : Kafka startTimeMs: 1756128437170
2025-08-25T15:27:17.179+02:00  INFO 25276 --- [Package-Transport] [           main] o.a.k.c.c.i.ClassicKafkaConsumer         : [Consumer clientId=consumer-package-sorted-group-1, groupId=package-sorted-group] Subscribed to topic(s): sorting
2025-08-25T15:27:17.218+02:00  INFO 25276 --- [Package-Transport] [           main] o.e.p.PackageTransportApplication        : Started PackageTransportApplication in 13.709 seconds (process running for 14.766)
2025-08-25T15:27:18.070+02:00  INFO 25276 --- [Package-Transport] [ntainer#0-0-C-1] org.apache.kafka.clients.Metadata        : [Consumer clientId=consumer-package-sorted-group-1, groupId=package-sorted-group] Cluster ID: 5L6g3nShT-eMCtK--X86sw
2025-08-25T15:27:18.071+02:00  INFO 25276 --- [Package-Transport] [ntainer#0-0-C-1] o.a.k.c.c.internals.ConsumerCoordinator  : [Consumer clientId=consumer-package-sorted-group-1, groupId=package-sorted-group] Discovered group coordinator localhost:9092 (id: 2147483646 rack: null)
2025-08-25T15:27:18.079+02:00  INFO 25276 --- [Package-Transport] [ntainer#0-0-C-1] o.a.k.c.c.internals.ConsumerCoordinator  : [Consumer clientId=consumer-package-sorted-group-1, groupId=package-sorted-group] (Re-)joining group
2025-08-25T15:27:18.098+02:00  INFO 25276 --- [Package-Transport] [ntainer#0-0-C-1] o.a.k.c.c.internals.ConsumerCoordinator  : [Consumer clientId=consumer-package-sorted-group-1, groupId=package-sorted-group] Request joining group due to: need to re-join with the given member-id: consumer-package-sorted-group-1-9db55d45-caaa-4b48-a8c3-af62f92cb3a6
2025-08-25T15:27:18.098+02:00  INFO 25276 --- [Package-Transport] [ntainer#0-0-C-1] o.a.k.c.c.internals.ConsumerCoordinator  : [Consumer clientId=consumer-package-sorted-group-1, groupId=package-sorted-group] (Re-)joining group
2025-08-25T15:27:21.187+02:00  INFO 25276 --- [Package-Transport] [ntainer#0-0-C-1] o.a.k.c.c.internals.ConsumerCoordinator  : [Consumer clientId=consumer-package-sorted-group-1, groupId=package-sorted-group] Successfully joined group with generation Generation{generationId=13, memberId='consumer-package-sorted-group-1-9db55d45-caaa-4b48-a8c3-af62f92cb3a6', protocol='range'}
2025-08-25T15:27:21.192+02:00  INFO 25276 --- [Package-Transport] [ntainer#0-0-C-1] o.a.k.c.c.internals.ConsumerCoordinator  : [Consumer clientId=consumer-package-sorted-group-1, groupId=package-sorted-group] Finished assignment for group at generation 13: {consumer-package-sorted-group-1-9db55d45-caaa-4b48-a8c3-af62f92cb3a6=Assignment(partitions=[sorting-0])}
2025-08-25T15:27:21.202+02:00  INFO 25276 --- [Package-Transport] [ntainer#0-0-C-1] o.a.k.c.c.internals.ConsumerCoordinator  : [Consumer clientId=consumer-package-sorted-group-1, groupId=package-sorted-group] Successfully synced group in generation Generation{generationId=13, memberId='consumer-package-sorted-group-1-9db55d45-caaa-4b48-a8c3-af62f92cb3a6', protocol='range'}
2025-08-25T15:27:21.202+02:00  INFO 25276 --- [Package-Transport] [ntainer#0-0-C-1] o.a.k.c.c.internals.ConsumerCoordinator  : [Consumer clientId=consumer-package-sorted-group-1, groupId=package-sorted-group] Notifying assignor about the new Assignment(partitions=[sorting-0])
2025-08-25T15:27:21.204+02:00  INFO 25276 --- [Package-Transport] [ntainer#0-0-C-1] k.c.c.i.ConsumerRebalanceListenerInvoker : [Consumer clientId=consumer-package-sorted-group-1, groupId=package-sorted-group] Adding newly assigned partitions: sorting-0
2025-08-25T15:27:21.214+02:00  INFO 25276 --- [Package-Transport] [ntainer#0-0-C-1] o.a.k.c.c.internals.ConsumerUtils        : Setting offset for partition sorting-0 to the committed offset FetchPosition{offset=12, offsetEpoch=Optional.empty, currentLeader=LeaderAndEpoch{leader=Optional[localhost:9092 (id: 1 rack: null)], epoch=6}}
2025-08-25T15:27:21.215+02:00  INFO 25276 --- [Package-Transport] [ntainer#0-0-C-1] o.s.k.l.KafkaMessageListenerContainer    : package-sorted-group: partitions assigned: [sorting-0]
2025-08-25T15:27:52.844+02:00  INFO 25276 --- [Package-Transport] [ntainer#0-0-C-1] o.e.p.service.PackageTransportService    : Created package transport org.example.packagetransport.model.PackageTransport@7fd15ab9
2025-08-25T15:28:02.850+02:00  INFO 25276 --- [Package-Transport] [ntainer#0-0-C-1] o.a.k.clients.producer.ProducerConfig    : ProducerConfig values: 
	acks = -1
	auto.include.jmx.reporter = true
	batch.size = 16384
	bootstrap.servers = [localhost:9092]
	buffer.memory = 33554432
	client.dns.lookup = use_all_dns_ips
	client.id = Package-Transport-producer-1
	compression.gzip.level = -1
	compression.lz4.level = 9
	compression.type = none
	compression.zstd.level = 3
	connections.max.idle.ms = 540000
	delivery.timeout.ms = 120000
	enable.idempotence = true
	enable.metrics.push = true
	interceptor.classes = []
	key.serializer = class org.apache.kafka.common.serialization.StringSerializer
	linger.ms = 0
	max.block.ms = 60000
	max.in.flight.requests.per.connection = 5
	max.request.size = 1048576
	metadata.max.age.ms = 300000
	metadata.max.idle.ms = 300000
	metadata.recovery.strategy = none
	metric.reporters = []
	metrics.num.samples = 2
	metrics.recording.level = INFO
	metrics.sample.window.ms = 30000
	partitioner.adaptive.partitioning.enable = true
	partitioner.availability.timeout.ms = 0
	partitioner.class = null
	partitioner.ignore.keys = false
	receive.buffer.bytes = 32768
	reconnect.backoff.max.ms = 1000
	reconnect.backoff.ms = 50
	request.timeout.ms = 30000
	retries = 2147483647
	retry.backoff.max.ms = 1000
	retry.backoff.ms = 100
	sasl.client.callback.handler.class = null
	sasl.jaas.config = null
	sasl.kerberos.kinit.cmd = /usr/bin/kinit
	sasl.kerberos.min.time.before.relogin = 60000
	sasl.kerberos.service.name = null
	sasl.kerberos.ticket.renew.jitter = 0.05
	sasl.kerberos.ticket.renew.window.factor = 0.8
	sasl.login.callback.handler.class = null
	sasl.login.class = null
	sasl.login.connect.timeout.ms = null
	sasl.login.read.timeout.ms = null
	sasl.login.refresh.buffer.seconds = 300
	sasl.login.refresh.min.period.seconds = 60
	sasl.login.refresh.window.factor = 0.8
	sasl.login.refresh.window.jitter = 0.05
	sasl.login.retry.backoff.max.ms = 10000
	sasl.login.retry.backoff.ms = 100
	sasl.mechanism = GSSAPI
	sasl.oauthbearer.clock.skew.seconds = 30
	sasl.oauthbearer.expected.audience = null
	sasl.oauthbearer.expected.issuer = null
	sasl.oauthbearer.header.urlencode = false
	sasl.oauthbearer.jwks.endpoint.refresh.ms = 3600000
	sasl.oauthbearer.jwks.endpoint.retry.backoff.max.ms = 10000
	sasl.oauthbearer.jwks.endpoint.retry.backoff.ms = 100
	sasl.oauthbearer.jwks.endpoint.url = null
	sasl.oauthbearer.scope.claim.name = scope
	sasl.oauthbearer.sub.claim.name = sub
	sasl.oauthbearer.token.endpoint.url = null
	security.protocol = PLAINTEXT
	security.providers = null
	send.buffer.bytes = 131072
	socket.connection.setup.timeout.max.ms = 30000
	socket.connection.setup.timeout.ms = 10000
	ssl.cipher.suites = null
	ssl.enabled.protocols = [TLSv1.2, TLSv1.3]
	ssl.endpoint.identification.algorithm = https
	ssl.engine.factory.class = null
	ssl.key.password = null
	ssl.keymanager.algorithm = SunX509
	ssl.keystore.certificate.chain = null
	ssl.keystore.key = null
	ssl.keystore.location = null
	ssl.keystore.password = null
	ssl.keystore.type = JKS
	ssl.protocol = TLSv1.3
	ssl.provider = null
	ssl.secure.random.implementation = null
	ssl.trustmanager.algorithm = PKIX
	ssl.truststore.certificates = null
	ssl.truststore.location = null
	ssl.truststore.password = null
	ssl.truststore.type = JKS
	transaction.timeout.ms = 60000
	transactional.id = null
	value.serializer = class org.springframework.kafka.support.serializer.JsonSerializer

2025-08-25T15:28:02.850+02:00  INFO 25276 --- [Package-Transport] [ntainer#0-0-C-1] o.a.k.c.t.i.KafkaMetricsCollector        : initializing Kafka metrics collector
2025-08-25T15:28:02.869+02:00  INFO 25276 --- [Package-Transport] [ntainer#0-0-C-1] o.a.k.clients.producer.KafkaProducer     : [Producer clientId=Package-Transport-producer-1] Instantiated an idempotent producer.
2025-08-25T15:28:02.912+02:00  INFO 25276 --- [Package-Transport] [ntainer#0-0-C-1] o.a.kafka.common.utils.AppInfoParser     : Kafka version: 3.9.1
2025-08-25T15:28:02.912+02:00  INFO 25276 --- [Package-Transport] [ntainer#0-0-C-1] o.a.kafka.common.utils.AppInfoParser     : Kafka commitId: f745dfdcee2b9851
2025-08-25T15:28:02.912+02:00  INFO 25276 --- [Package-Transport] [ntainer#0-0-C-1] o.a.kafka.common.utils.AppInfoParser     : Kafka startTimeMs: 1756128482912
2025-08-25T15:28:02.924+02:00  INFO 25276 --- [Package-Transport] [port-producer-1] org.apache.kafka.clients.Metadata        : [Producer clientId=Package-Transport-producer-1] Cluster ID: 5L6g3nShT-eMCtK--X86sw
2025-08-25T15:28:02.924+02:00  INFO 25276 --- [Package-Transport] [port-producer-1] o.a.k.c.p.internals.TransactionManager   : [Producer clientId=Package-Transport-producer-1] ProducerId set to 4007 with epoch 0
2025-08-25T15:28:02.972+02:00  INFO 25276 --- [Package-Transport] [ntainer#0-0-C-1] o.e.p.service.PackageTransportService    : Created package transport org.example.packagetransport.model.PackageTransport@3c49171e
