
  .   ____          _            __ _ _
 /\\ / ___'_ __ _ _(_)_ __  __ _ \ \ \ \
( ( )\___ | '_ | '_| | '_ \/ _` | \ \ \ \
 \\/  ___)| |_)| | | | | || (_| |  ) ) ) )
  '  |____| .__|_| |_|_| |_\__, | / / / /
 =========|_|==============|___/=/_/_/_/

 :: Spring Boot ::                (v3.5.4)

2025-08-25T15:27:04.191+02:00  INFO 4252 --- [Package-Service] [           main] c.e.p.PackageServiceApplication          : Starting PackageServiceApplication v0.0.1-SNAPSHOT using Java 21.0.5 with PID 4252 (C:\Users\madec\OneDrive\Pulpit\Coding projects\package-line\backend\Package-Service\target\Package-Service-0.0.1-SNAPSHOT.jar started by madec in C:\Users\madec\OneDrive\Pulpit\Coding projects\package-line)
2025-08-25T15:27:04.195+02:00  INFO 4252 --- [Package-Service] [           main] c.e.p.PackageServiceApplication          : No active profile set, falling back to 1 default profile: "default"
2025-08-25T15:27:05.843+02:00  INFO 4252 --- [Package-Service] [           main] .s.d.r.c.RepositoryConfigurationDelegate : Bootstrapping Spring Data JPA repositories in DEFAULT mode.
2025-08-25T15:27:05.964+02:00  INFO 4252 --- [Package-Service] [           main] .s.d.r.c.RepositoryConfigurationDelegate : Finished Spring Data repository scanning in 104 ms. Found 3 JPA repository interfaces.
2025-08-25T15:27:07.884+02:00  INFO 4252 --- [Package-Service] [           main] o.s.b.w.embedded.tomcat.TomcatWebServer  : Tomcat initialized with port 8080 (http)
2025-08-25T15:27:07.925+02:00  INFO 4252 --- [Package-Service] [           main] o.apache.catalina.core.StandardService   : Starting service [Tomcat]
2025-08-25T15:27:07.925+02:00  INFO 4252 --- [Package-Service] [           main] o.apache.catalina.core.StandardEngine    : Starting Servlet engine: [Apache Tomcat/10.1.43]
2025-08-25T15:27:08.015+02:00  INFO 4252 --- [Package-Service] [           main] o.a.c.c.C.[Tomcat].[localhost].[/]       : Initializing Spring embedded WebApplicationContext
2025-08-25T15:27:08.016+02:00  INFO 4252 --- [Package-Service] [           main] w.s.c.ServletWebServerApplicationContext : Root WebApplicationContext: initialization completed in 3694 ms
2025-08-25T15:27:08.705+02:00  INFO 4252 --- [Package-Service] [           main] o.hibernate.jpa.internal.util.LogHelper  : HHH000204: Processing PersistenceUnitInfo [name: default]
2025-08-25T15:27:08.842+02:00  INFO 4252 --- [Package-Service] [           main] org.hibernate.Version                    : HHH000412: Hibernate ORM core version 6.6.22.Final
2025-08-25T15:27:08.915+02:00  INFO 4252 --- [Package-Service] [           main] o.h.c.internal.RegionFactoryInitiator    : HHH000026: Second-level cache disabled
2025-08-25T15:27:10.098+02:00  INFO 4252 --- [Package-Service] [           main] o.s.o.j.p.SpringPersistenceUnitInfo      : No LoadTimeWeaver setup: ignoring JPA class transformer
2025-08-25T15:27:10.178+02:00  INFO 4252 --- [Package-Service] [           main] com.zaxxer.hikari.HikariDataSource       : HikariPool-1 - Starting...
2025-08-25T15:27:10.691+02:00  INFO 4252 --- [Package-Service] [           main] com.zaxxer.hikari.pool.HikariPool        : HikariPool-1 - Added connection org.postgresql.jdbc.PgConnection@3321291a
2025-08-25T15:27:10.693+02:00  INFO 4252 --- [Package-Service] [           main] com.zaxxer.hikari.HikariDataSource       : HikariPool-1 - Start completed.
2025-08-25T15:27:11.016+02:00  INFO 4252 --- [Package-Service] [           main] org.hibernate.orm.connections.pooling    : HHH10001005: Database info:
	Database JDBC URL [Connecting through datasource 'HikariDataSource (HikariPool-1)']
	Database driver: undefined/unknown
	Database version: 17.5
	Autocommit mode: undefined/unknown
	Isolation level: undefined/unknown
	Minimum pool size: undefined/unknown
	Maximum pool size: undefined/unknown
2025-08-25T15:27:13.088+02:00  INFO 4252 --- [Package-Service] [           main] o.h.e.t.j.p.i.JtaPlatformInitiator       : HHH000489: No JTA platform available (set 'hibernate.transaction.jta.platform' to enable JTA platform integration)
2025-08-25T15:27:13.682+02:00  INFO 4252 --- [Package-Service] [           main] j.LocalContainerEntityManagerFactoryBean : Initialized JPA EntityManagerFactory for persistence unit 'default'
2025-08-25T15:27:14.684+02:00  WARN 4252 --- [Package-Service] [           main] JpaBaseConfiguration$JpaWebConfiguration : spring.jpa.open-in-view is enabled by default. Therefore, database queries may be performed during view rendering. Explicitly configure spring.jpa.open-in-view to disable this warning
2025-08-25T15:27:16.271+02:00  INFO 4252 --- [Package-Service] [           main] o.a.k.clients.admin.AdminClientConfig    : AdminClientConfig values: 
	auto.include.jmx.reporter = true
	bootstrap.controllers = []
	bootstrap.servers = [localhost:9092]
	client.dns.lookup = use_all_dns_ips
	client.id = Package-Service-admin-0
	connections.max.idle.ms = 300000
	default.api.timeout.ms = 60000
	enable.metrics.push = true
	metadata.max.age.ms = 300000
	metadata.recovery.strategy = none
	metric.reporters = []
	metrics.num.samples = 2
	metrics.recording.level = INFO
	metrics.sample.window.ms = 30000
	receive.buffer.bytes = 65536
	reconnect.backoff.max.ms = 1000
	reconnect.backoff.ms = 50
	request.timeout.ms = 30000
	retries = 2147483647
	retry.backoff.max.ms = 1000
	retry.backoff.ms = 100
	sasl.client.callback.handler.class = null
	sasl.jaas.config = null
	sasl.kerberos.kinit.cmd = /usr/bin/kinit
	sasl.kerberos.min.time.before.relogin = 60000
	sasl.kerberos.service.name = null
	sasl.kerberos.ticket.renew.jitter = 0.05
	sasl.kerberos.ticket.renew.window.factor = 0.8
	sasl.login.callback.handler.class = null
	sasl.login.class = null
	sasl.login.connect.timeout.ms = null
	sasl.login.read.timeout.ms = null
	sasl.login.refresh.buffer.seconds = 300
	sasl.login.refresh.min.period.seconds = 60
	sasl.login.refresh.window.factor = 0.8
	sasl.login.refresh.window.jitter = 0.05
	sasl.login.retry.backoff.max.ms = 10000
	sasl.login.retry.backoff.ms = 100
	sasl.mechanism = GSSAPI
	sasl.oauthbearer.clock.skew.seconds = 30
	sasl.oauthbearer.expected.audience = null
	sasl.oauthbearer.expected.issuer = null
	sasl.oauthbearer.header.urlencode = false
	sasl.oauthbearer.jwks.endpoint.refresh.ms = 3600000
	sasl.oauthbearer.jwks.endpoint.retry.backoff.max.ms = 10000
	sasl.oauthbearer.jwks.endpoint.retry.backoff.ms = 100
	sasl.oauthbearer.jwks.endpoint.url = null
	sasl.oauthbearer.scope.claim.name = scope
	sasl.oauthbearer.sub.claim.name = sub
	sasl.oauthbearer.token.endpoint.url = null
	security.protocol = PLAINTEXT
	security.providers = null
	send.buffer.bytes = 131072
	socket.connection.setup.timeout.max.ms = 30000
	socket.connection.setup.timeout.ms = 10000
	ssl.cipher.suites = null
	ssl.enabled.protocols = [TLSv1.2, TLSv1.3]
	ssl.endpoint.identification.algorithm = https
	ssl.engine.factory.class = null
	ssl.key.password = null
	ssl.keymanager.algorithm = SunX509
	ssl.keystore.certificate.chain = null
	ssl.keystore.key = null
	ssl.keystore.location = null
	ssl.keystore.password = null
	ssl.keystore.type = JKS
	ssl.protocol = TLSv1.3
	ssl.provider = null
	ssl.secure.random.implementation = null
	ssl.trustmanager.algorithm = PKIX
	ssl.truststore.certificates = null
	ssl.truststore.location = null
	ssl.truststore.password = null
	ssl.truststore.type = JKS

2025-08-25T15:27:16.702+02:00  INFO 4252 --- [Package-Service] [           main] o.a.kafka.common.utils.AppInfoParser     : Kafka version: 3.9.1
2025-08-25T15:27:16.702+02:00  INFO 4252 --- [Package-Service] [           main] o.a.kafka.common.utils.AppInfoParser     : Kafka commitId: f745dfdcee2b9851
2025-08-25T15:27:16.702+02:00  INFO 4252 --- [Package-Service] [           main] o.a.kafka.common.utils.AppInfoParser     : Kafka startTimeMs: 1756128436700
2025-08-25T15:27:17.597+02:00  INFO 4252 --- [Package-Service] [Service-admin-0] o.a.kafka.common.utils.AppInfoParser     : App info kafka.admin.client for Package-Service-admin-0 unregistered
2025-08-25T15:27:17.602+02:00  INFO 4252 --- [Package-Service] [Service-admin-0] o.apache.kafka.common.metrics.Metrics    : Metrics scheduler closed
2025-08-25T15:27:17.602+02:00  INFO 4252 --- [Package-Service] [Service-admin-0] o.apache.kafka.common.metrics.Metrics    : Closing reporter org.apache.kafka.common.metrics.JmxReporter
2025-08-25T15:27:17.603+02:00  INFO 4252 --- [Package-Service] [Service-admin-0] o.apache.kafka.common.metrics.Metrics    : Metrics reporters closed
2025-08-25T15:27:17.634+02:00  INFO 4252 --- [Package-Service] [           main] o.s.b.w.embedded.tomcat.TomcatWebServer  : Tomcat started on port 8080 (http) with context path '/'
2025-08-25T15:27:17.656+02:00  INFO 4252 --- [Package-Service] [           main] c.e.p.PackageServiceApplication          : Started PackageServiceApplication in 14.486 seconds (process running for 15.378)
2025-08-25T15:27:27.104+02:00  INFO 4252 --- [Package-Service] [nio-8080-exec-2] o.a.c.c.C.[Tomcat].[localhost].[/]       : Initializing Spring DispatcherServlet 'dispatcherServlet'
2025-08-25T15:27:27.104+02:00  INFO 4252 --- [Package-Service] [nio-8080-exec-2] o.s.web.servlet.DispatcherServlet        : Initializing Servlet 'dispatcherServlet'
2025-08-25T15:27:27.105+02:00  INFO 4252 --- [Package-Service] [nio-8080-exec-2] o.s.web.servlet.DispatcherServlet        : Completed initialization in 0 ms
Publishing package com.example.packageservice.models.dto.postPackage.PostPackageDTO@4fd51f6c
2025-08-25T15:27:27.300+02:00  INFO 4252 --- [Package-Service] [nio-8080-exec-2] c.e.p.services.PackageService            : Publishing is being published.
Publishing package com.example.packageservice.models.dto.postPackage.PostPackageDTO@406586d4
2025-08-25T15:27:29.670+02:00  INFO 4252 --- [Package-Service] [nio-8080-exec-3] c.e.p.services.PackageService            : Publishing is being published.
2025-08-25T15:27:42.323+02:00  INFO 4252 --- [Package-Service] [nio-8080-exec-2] o.a.k.clients.producer.ProducerConfig    : ProducerConfig values: 
	acks = -1
	auto.include.jmx.reporter = true
	batch.size = 16384
	bootstrap.servers = [localhost:9092]
	buffer.memory = 33554432
	client.dns.lookup = use_all_dns_ips
	client.id = Package-Service-producer-1
	compression.gzip.level = -1
	compression.lz4.level = 9
	compression.type = none
	compression.zstd.level = 3
	connections.max.idle.ms = 540000
	delivery.timeout.ms = 120000
	enable.idempotence = true
	enable.metrics.push = true
	interceptor.classes = []
	key.serializer = class org.apache.kafka.common.serialization.StringSerializer
	linger.ms = 0
	max.block.ms = 60000
	max.in.flight.requests.per.connection = 5
	max.request.size = 1048576
	metadata.max.age.ms = 300000
	metadata.max.idle.ms = 300000
	metadata.recovery.strategy = none
	metric.reporters = []
	metrics.num.samples = 2
	metrics.recording.level = INFO
	metrics.sample.window.ms = 30000
	partitioner.adaptive.partitioning.enable = true
	partitioner.availability.timeout.ms = 0
	partitioner.class = null
	partitioner.ignore.keys = false
	receive.buffer.bytes = 32768
	reconnect.backoff.max.ms = 1000
	reconnect.backoff.ms = 50
	request.timeout.ms = 30000
	retries = 2147483647
	retry.backoff.max.ms = 1000
	retry.backoff.ms = 100
	sasl.client.callback.handler.class = null
	sasl.jaas.config = null
	sasl.kerberos.kinit.cmd = /usr/bin/kinit
	sasl.kerberos.min.time.before.relogin = 60000
	sasl.kerberos.service.name = null
	sasl.kerberos.ticket.renew.jitter = 0.05
	sasl.kerberos.ticket.renew.window.factor = 0.8
	sasl.login.callback.handler.class = null
	sasl.login.class = null
	sasl.login.connect.timeout.ms = null
	sasl.login.read.timeout.ms = null
	sasl.login.refresh.buffer.seconds = 300
	sasl.login.refresh.min.period.seconds = 60
	sasl.login.refresh.window.factor = 0.8
	sasl.login.refresh.window.jitter = 0.05
	sasl.login.retry.backoff.max.ms = 10000
	sasl.login.retry.backoff.ms = 100
	sasl.mechanism = GSSAPI
	sasl.oauthbearer.clock.skew.seconds = 30
	sasl.oauthbearer.expected.audience = null
	sasl.oauthbearer.expected.issuer = null
	sasl.oauthbearer.header.urlencode = false
	sasl.oauthbearer.jwks.endpoint.refresh.ms = 3600000
	sasl.oauthbearer.jwks.endpoint.retry.backoff.max.ms = 10000
	sasl.oauthbearer.jwks.endpoint.retry.backoff.ms = 100
	sasl.oauthbearer.jwks.endpoint.url = null
	sasl.oauthbearer.scope.claim.name = scope
	sasl.oauthbearer.sub.claim.name = sub
	sasl.oauthbearer.token.endpoint.url = null
	security.protocol = PLAINTEXT
	security.providers = null
	send.buffer.bytes = 131072
	socket.connection.setup.timeout.max.ms = 30000
	socket.connection.setup.timeout.ms = 10000
	ssl.cipher.suites = null
	ssl.enabled.protocols = [TLSv1.2, TLSv1.3]
	ssl.endpoint.identification.algorithm = https
	ssl.engine.factory.class = null
	ssl.key.password = null
	ssl.keymanager.algorithm = SunX509
	ssl.keystore.certificate.chain = null
	ssl.keystore.key = null
	ssl.keystore.location = null
	ssl.keystore.password = null
	ssl.keystore.type = JKS
	ssl.protocol = TLSv1.3
	ssl.provider = null
	ssl.secure.random.implementation = null
	ssl.trustmanager.algorithm = PKIX
	ssl.truststore.certificates = null
	ssl.truststore.location = null
	ssl.truststore.password = null
	ssl.truststore.type = JKS
	transaction.timeout.ms = 60000
	transactional.id = null
	value.serializer = class org.springframework.kafka.support.serializer.JsonSerializer

2025-08-25T15:27:42.357+02:00  INFO 4252 --- [Package-Service] [nio-8080-exec-2] o.a.k.c.t.i.KafkaMetricsCollector        : initializing Kafka metrics collector
2025-08-25T15:27:42.373+02:00  INFO 4252 --- [Package-Service] [nio-8080-exec-2] o.a.k.clients.producer.KafkaProducer     : [Producer clientId=Package-Service-producer-1] Instantiated an idempotent producer.
2025-08-25T15:27:42.392+02:00  INFO 4252 --- [Package-Service] [nio-8080-exec-2] o.a.kafka.common.utils.AppInfoParser     : Kafka version: 3.9.1
2025-08-25T15:27:42.392+02:00  INFO 4252 --- [Package-Service] [nio-8080-exec-2] o.a.kafka.common.utils.AppInfoParser     : Kafka commitId: f745dfdcee2b9851
2025-08-25T15:27:42.392+02:00  INFO 4252 --- [Package-Service] [nio-8080-exec-2] o.a.kafka.common.utils.AppInfoParser     : Kafka startTimeMs: 1756128462392
2025-08-25T15:27:42.405+02:00  INFO 4252 --- [Package-Service] [vice-producer-1] org.apache.kafka.clients.Metadata        : [Producer clientId=Package-Service-producer-1] Cluster ID: 5L6g3nShT-eMCtK--X86sw
2025-08-25T15:27:42.406+02:00  INFO 4252 --- [Package-Service] [vice-producer-1] o.a.k.c.p.internals.TransactionManager   : [Producer clientId=Package-Service-producer-1] ProducerId set to 4005 with epoch 0
