
  .   ____          _            __ _ _
 /\\ / ___'_ __ _ _(_)_ __  __ _ \ \ \ \
( ( )\___ | '_ | '_| | '_ \/ _` | \ \ \ \
 \\/  ___)| |_)| | | | | || (_| |  ) ) ) )
  '  |____| .__|_| |_|_| |_\__, | / / / /
 =========|_|==============|___/=/_/_/_/

 :: Spring Boot ::                (v3.5.4)

2025-08-25T15:27:04.253+02:00  INFO 16444 --- [Package-Sorting] [           main] o.e.p.PackageSortingApplication          : Starting PackageSortingApplication v0.0.1-SNAPSHOT using Java 21.0.5 with PID 16444 (C:\Users\madec\OneDrive\Pulpit\Coding projects\package-line\backend\Package-Sorting\target\Package-Sorting-0.0.1-SNAPSHOT.jar started by madec in C:\Users\madec\OneDrive\Pulpit\Coding projects\package-line)
2025-08-25T15:27:04.259+02:00  INFO 16444 --- [Package-Sorting] [           main] o.e.p.PackageSortingApplication          : No active profile set, falling back to 1 default profile: "default"
2025-08-25T15:27:05.890+02:00  INFO 16444 --- [Package-Sorting] [           main] .s.d.r.c.RepositoryConfigurationDelegate : Bootstrapping Spring Data JPA repositories in DEFAULT mode.
2025-08-25T15:27:06.037+02:00  INFO 16444 --- [Package-Sorting] [           main] .s.d.r.c.RepositoryConfigurationDelegate : Finished Spring Data repository scanning in 122 ms. Found 1 JPA repository interface.
2025-08-25T15:27:08.014+02:00  INFO 16444 --- [Package-Sorting] [           main] o.s.b.w.embedded.tomcat.TomcatWebServer  : Tomcat initialized with port 8081 (http)
2025-08-25T15:27:08.041+02:00  INFO 16444 --- [Package-Sorting] [           main] o.apache.catalina.core.StandardService   : Starting service [Tomcat]
2025-08-25T15:27:08.041+02:00  INFO 16444 --- [Package-Sorting] [           main] o.apache.catalina.core.StandardEngine    : Starting Servlet engine: [Apache Tomcat/10.1.43]
2025-08-25T15:27:08.182+02:00  INFO 16444 --- [Package-Sorting] [           main] o.a.c.c.C.[Tomcat].[localhost].[/]       : Initializing Spring embedded WebApplicationContext
2025-08-25T15:27:08.191+02:00  INFO 16444 --- [Package-Sorting] [           main] w.s.c.ServletWebServerApplicationContext : Root WebApplicationContext: initialization completed in 3837 ms
2025-08-25T15:27:08.750+02:00  INFO 16444 --- [Package-Sorting] [           main] o.hibernate.jpa.internal.util.LogHelper  : HHH000204: Processing PersistenceUnitInfo [name: default]
2025-08-25T15:27:08.892+02:00  INFO 16444 --- [Package-Sorting] [           main] org.hibernate.Version                    : HHH000412: Hibernate ORM core version 6.6.22.Final
2025-08-25T15:27:08.951+02:00  INFO 16444 --- [Package-Sorting] [           main] o.h.c.internal.RegionFactoryInitiator    : HHH000026: Second-level cache disabled
2025-08-25T15:27:10.138+02:00  INFO 16444 --- [Package-Sorting] [           main] o.s.o.j.p.SpringPersistenceUnitInfo      : No LoadTimeWeaver setup: ignoring JPA class transformer
2025-08-25T15:27:10.214+02:00  INFO 16444 --- [Package-Sorting] [           main] com.zaxxer.hikari.HikariDataSource       : HikariPool-1 - Starting...
2025-08-25T15:27:10.665+02:00  INFO 16444 --- [Package-Sorting] [           main] com.zaxxer.hikari.pool.HikariPool        : HikariPool-1 - Added connection org.postgresql.jdbc.PgConnection@3335afcf
2025-08-25T15:27:10.666+02:00  INFO 16444 --- [Package-Sorting] [           main] com.zaxxer.hikari.HikariDataSource       : HikariPool-1 - Start completed.
2025-08-25T15:27:10.856+02:00  INFO 16444 --- [Package-Sorting] [           main] org.hibernate.orm.connections.pooling    : HHH10001005: Database info:
	Database JDBC URL [Connecting through datasource 'HikariDataSource (HikariPool-1)']
	Database driver: undefined/unknown
	Database version: 17.5
	Autocommit mode: undefined/unknown
	Isolation level: undefined/unknown
	Minimum pool size: undefined/unknown
	Maximum pool size: undefined/unknown
2025-08-25T15:27:12.899+02:00  INFO 16444 --- [Package-Sorting] [           main] o.h.e.t.j.p.i.JtaPlatformInitiator       : HHH000489: No JTA platform available (set 'hibernate.transaction.jta.platform' to enable JTA platform integration)
2025-08-25T15:27:12.942+02:00  INFO 16444 --- [Package-Sorting] [           main] j.LocalContainerEntityManagerFactoryBean : Initialized JPA EntityManagerFactory for persistence unit 'default'
2025-08-25T15:27:13.425+02:00  WARN 16444 --- [Package-Sorting] [           main] JpaBaseConfiguration$JpaWebConfiguration : spring.jpa.open-in-view is enabled by default. Therefore, database queries may be performed during view rendering. Explicitly configure spring.jpa.open-in-view to disable this warning
2025-08-25T15:27:15.022+02:00  INFO 16444 --- [Package-Sorting] [           main] o.s.b.w.embedded.tomcat.TomcatWebServer  : Tomcat started on port 8081 (http) with context path '/'
2025-08-25T15:27:15.333+02:00  INFO 16444 --- [Package-Sorting] [           main] o.a.k.clients.consumer.ConsumerConfig    : ConsumerConfig values: 
	allow.auto.create.topics = true
	auto.commit.interval.ms = 5000
	auto.include.jmx.reporter = true
	auto.offset.reset = latest
	bootstrap.servers = [localhost:9092]
	check.crcs = true
	client.dns.lookup = use_all_dns_ips
	client.id = consumer-package-service-group-1
	client.rack = 
	connections.max.idle.ms = 540000
	default.api.timeout.ms = 60000
	enable.auto.commit = false
	enable.metrics.push = true
	exclude.internal.topics = true
	fetch.max.bytes = 52428800
	fetch.max.wait.ms = 500
	fetch.min.bytes = 1
	group.id = package-service-group
	group.instance.id = null
	group.protocol = classic
	group.remote.assignor = null
	heartbeat.interval.ms = 3000
	interceptor.classes = []
	internal.leave.group.on.close = true
	internal.throw.on.fetch.stable.offset.unsupported = false
	isolation.level = read_uncommitted
	key.deserializer = class org.apache.kafka.common.serialization.StringDeserializer
	max.partition.fetch.bytes = 1048576
	max.poll.interval.ms = 300000
	max.poll.records = 500
	metadata.max.age.ms = 300000
	metadata.recovery.strategy = none
	metric.reporters = []
	metrics.num.samples = 2
	metrics.recording.level = INFO
	metrics.sample.window.ms = 30000
	partition.assignment.strategy = [class org.apache.kafka.clients.consumer.RangeAssignor, class org.apache.kafka.clients.consumer.CooperativeStickyAssignor]
	receive.buffer.bytes = 65536
	reconnect.backoff.max.ms = 1000
	reconnect.backoff.ms = 50
	request.timeout.ms = 30000
	retry.backoff.max.ms = 1000
	retry.backoff.ms = 100
	sasl.client.callback.handler.class = null
	sasl.jaas.config = null
	sasl.kerberos.kinit.cmd = /usr/bin/kinit
	sasl.kerberos.min.time.before.relogin = 60000
	sasl.kerberos.service.name = null
	sasl.kerberos.ticket.renew.jitter = 0.05
	sasl.kerberos.ticket.renew.window.factor = 0.8
	sasl.login.callback.handler.class = null
	sasl.login.class = null
	sasl.login.connect.timeout.ms = null
	sasl.login.read.timeout.ms = null
	sasl.login.refresh.buffer.seconds = 300
	sasl.login.refresh.min.period.seconds = 60
	sasl.login.refresh.window.factor = 0.8
	sasl.login.refresh.window.jitter = 0.05
	sasl.login.retry.backoff.max.ms = 10000
	sasl.login.retry.backoff.ms = 100
	sasl.mechanism = GSSAPI
	sasl.oauthbearer.clock.skew.seconds = 30
	sasl.oauthbearer.expected.audience = null
	sasl.oauthbearer.expected.issuer = null
	sasl.oauthbearer.header.urlencode = false
	sasl.oauthbearer.jwks.endpoint.refresh.ms = 3600000
	sasl.oauthbearer.jwks.endpoint.retry.backoff.max.ms = 10000
	sasl.oauthbearer.jwks.endpoint.retry.backoff.ms = 100
	sasl.oauthbearer.jwks.endpoint.url = null
	sasl.oauthbearer.scope.claim.name = scope
	sasl.oauthbearer.sub.claim.name = sub
	sasl.oauthbearer.token.endpoint.url = null
	security.protocol = PLAINTEXT
	security.providers = null
	send.buffer.bytes = 131072
	session.timeout.ms = 45000
	socket.connection.setup.timeout.max.ms = 30000
	socket.connection.setup.timeout.ms = 10000
	ssl.cipher.suites = null
	ssl.enabled.protocols = [TLSv1.2, TLSv1.3]
	ssl.endpoint.identification.algorithm = https
	ssl.engine.factory.class = null
	ssl.key.password = null
	ssl.keymanager.algorithm = SunX509
	ssl.keystore.certificate.chain = null
	ssl.keystore.key = null
	ssl.keystore.location = null
	ssl.keystore.password = null
	ssl.keystore.type = JKS
	ssl.protocol = TLSv1.3
	ssl.provider = null
	ssl.secure.random.implementation = null
	ssl.trustmanager.algorithm = PKIX
	ssl.truststore.certificates = null
	ssl.truststore.location = null
	ssl.truststore.password = null
	ssl.truststore.type = JKS
	value.deserializer = class org.springframework.kafka.support.serializer.JsonDeserializer

2025-08-25T15:27:15.458+02:00  INFO 16444 --- [Package-Sorting] [           main] o.a.k.c.t.i.KafkaMetricsCollector        : initializing Kafka metrics collector
2025-08-25T15:27:16.151+02:00  INFO 16444 --- [Package-Sorting] [           main] o.a.kafka.common.utils.AppInfoParser     : Kafka version: 3.9.1
2025-08-25T15:27:16.151+02:00  INFO 16444 --- [Package-Sorting] [           main] o.a.kafka.common.utils.AppInfoParser     : Kafka commitId: f745dfdcee2b9851
2025-08-25T15:27:16.152+02:00  INFO 16444 --- [Package-Sorting] [           main] o.a.kafka.common.utils.AppInfoParser     : Kafka startTimeMs: 1756128436145
2025-08-25T15:27:16.158+02:00  INFO 16444 --- [Package-Sorting] [           main] o.a.k.c.c.i.ClassicKafkaConsumer         : [Consumer clientId=consumer-package-service-group-1, groupId=package-service-group] Subscribed to topic(s): packages
2025-08-25T15:27:16.214+02:00  INFO 16444 --- [Package-Sorting] [           main] o.e.p.PackageSortingApplication          : Started PackageSortingApplication in 12.926 seconds (process running for 13.857)
2025-08-25T15:27:17.386+02:00  INFO 16444 --- [Package-Sorting] [ntainer#0-0-C-1] org.apache.kafka.clients.Metadata        : [Consumer clientId=consumer-package-service-group-1, groupId=package-service-group] Cluster ID: 5L6g3nShT-eMCtK--X86sw
2025-08-25T15:27:17.387+02:00  INFO 16444 --- [Package-Sorting] [ntainer#0-0-C-1] o.a.k.c.c.internals.ConsumerCoordinator  : [Consumer clientId=consumer-package-service-group-1, groupId=package-service-group] Discovered group coordinator localhost:9092 (id: 2147483646 rack: null)
2025-08-25T15:27:17.394+02:00  INFO 16444 --- [Package-Sorting] [ntainer#0-0-C-1] o.a.k.c.c.internals.ConsumerCoordinator  : [Consumer clientId=consumer-package-service-group-1, groupId=package-service-group] (Re-)joining group
2025-08-25T15:27:17.428+02:00  INFO 16444 --- [Package-Sorting] [ntainer#0-0-C-1] o.a.k.c.c.internals.ConsumerCoordinator  : [Consumer clientId=consumer-package-service-group-1, groupId=package-service-group] Request joining group due to: need to re-join with the given member-id: consumer-package-service-group-1-08462fbc-0f69-4c2d-b7c6-b4321eab37a3
2025-08-25T15:27:17.429+02:00  INFO 16444 --- [Package-Sorting] [ntainer#0-0-C-1] o.a.k.c.c.internals.ConsumerCoordinator  : [Consumer clientId=consumer-package-service-group-1, groupId=package-service-group] (Re-)joining group
2025-08-25T15:27:20.522+02:00  INFO 16444 --- [Package-Sorting] [ntainer#0-0-C-1] o.a.k.c.c.internals.ConsumerCoordinator  : [Consumer clientId=consumer-package-service-group-1, groupId=package-service-group] Successfully joined group with generation Generation{generationId=45, memberId='consumer-package-service-group-1-08462fbc-0f69-4c2d-b7c6-b4321eab37a3', protocol='range'}
2025-08-25T15:27:20.527+02:00  INFO 16444 --- [Package-Sorting] [ntainer#0-0-C-1] o.a.k.c.c.internals.ConsumerCoordinator  : [Consumer clientId=consumer-package-service-group-1, groupId=package-service-group] Finished assignment for group at generation 45: {consumer-package-service-group-1-08462fbc-0f69-4c2d-b7c6-b4321eab37a3=Assignment(partitions=[packages-0])}
2025-08-25T15:27:20.540+02:00  INFO 16444 --- [Package-Sorting] [ntainer#0-0-C-1] o.a.k.c.c.internals.ConsumerCoordinator  : [Consumer clientId=consumer-package-service-group-1, groupId=package-service-group] Successfully synced group in generation Generation{generationId=45, memberId='consumer-package-service-group-1-08462fbc-0f69-4c2d-b7c6-b4321eab37a3', protocol='range'}
2025-08-25T15:27:20.541+02:00  INFO 16444 --- [Package-Sorting] [ntainer#0-0-C-1] o.a.k.c.c.internals.ConsumerCoordinator  : [Consumer clientId=consumer-package-service-group-1, groupId=package-service-group] Notifying assignor about the new Assignment(partitions=[packages-0])
2025-08-25T15:27:20.542+02:00  INFO 16444 --- [Package-Sorting] [ntainer#0-0-C-1] k.c.c.i.ConsumerRebalanceListenerInvoker : [Consumer clientId=consumer-package-service-group-1, groupId=package-service-group] Adding newly assigned partitions: packages-0
2025-08-25T15:27:20.552+02:00  INFO 16444 --- [Package-Sorting] [ntainer#0-0-C-1] o.a.k.c.c.internals.ConsumerUtils        : Setting offset for partition packages-0 to the committed offset FetchPosition{offset=16, offsetEpoch=Optional.empty, currentLeader=LeaderAndEpoch{leader=Optional[localhost:9092 (id: 1 rack: null)], epoch=6}}
2025-08-25T15:27:20.553+02:00  INFO 16444 --- [Package-Sorting] [ntainer#0-0-C-1] o.s.k.l.KafkaMessageListenerContainer    : package-service-group: partitions assigned: [packages-0]
2025-08-25T15:27:42.606+02:00  INFO 16444 --- [Package-Sorting] [ntainer#0-0-C-1] o.e.p.service.PackageSortingService      : Added sorted package org.example.packagesorting.model.SortedPackage@6a9827ee
2025-08-25T15:27:52.613+02:00  INFO 16444 --- [Package-Sorting] [ntainer#0-0-C-1] o.a.k.clients.producer.ProducerConfig    : ProducerConfig values: 
	acks = -1
	auto.include.jmx.reporter = true
	batch.size = 16384
	bootstrap.servers = [localhost:9092]
	buffer.memory = 33554432
	client.dns.lookup = use_all_dns_ips
	client.id = Package-Sorting-producer-1
	compression.gzip.level = -1
	compression.lz4.level = 9
	compression.type = none
	compression.zstd.level = 3
	connections.max.idle.ms = 540000
	delivery.timeout.ms = 120000
	enable.idempotence = true
	enable.metrics.push = true
	interceptor.classes = []
	key.serializer = class org.apache.kafka.common.serialization.StringSerializer
	linger.ms = 0
	max.block.ms = 60000
	max.in.flight.requests.per.connection = 5
	max.request.size = 1048576
	metadata.max.age.ms = 300000
	metadata.max.idle.ms = 300000
	metadata.recovery.strategy = none
	metric.reporters = []
	metrics.num.samples = 2
	metrics.recording.level = INFO
	metrics.sample.window.ms = 30000
	partitioner.adaptive.partitioning.enable = true
	partitioner.availability.timeout.ms = 0
	partitioner.class = null
	partitioner.ignore.keys = false
	receive.buffer.bytes = 32768
	reconnect.backoff.max.ms = 1000
	reconnect.backoff.ms = 50
	request.timeout.ms = 30000
	retries = 2147483647
	retry.backoff.max.ms = 1000
	retry.backoff.ms = 100
	sasl.client.callback.handler.class = null
	sasl.jaas.config = null
	sasl.kerberos.kinit.cmd = /usr/bin/kinit
	sasl.kerberos.min.time.before.relogin = 60000
	sasl.kerberos.service.name = null
	sasl.kerberos.ticket.renew.jitter = 0.05
	sasl.kerberos.ticket.renew.window.factor = 0.8
	sasl.login.callback.handler.class = null
	sasl.login.class = null
	sasl.login.connect.timeout.ms = null
	sasl.login.read.timeout.ms = null
	sasl.login.refresh.buffer.seconds = 300
	sasl.login.refresh.min.period.seconds = 60
	sasl.login.refresh.window.factor = 0.8
	sasl.login.refresh.window.jitter = 0.05
	sasl.login.retry.backoff.max.ms = 10000
	sasl.login.retry.backoff.ms = 100
	sasl.mechanism = GSSAPI
	sasl.oauthbearer.clock.skew.seconds = 30
	sasl.oauthbearer.expected.audience = null
	sasl.oauthbearer.expected.issuer = null
	sasl.oauthbearer.header.urlencode = false
	sasl.oauthbearer.jwks.endpoint.refresh.ms = 3600000
	sasl.oauthbearer.jwks.endpoint.retry.backoff.max.ms = 10000
	sasl.oauthbearer.jwks.endpoint.retry.backoff.ms = 100
	sasl.oauthbearer.jwks.endpoint.url = null
	sasl.oauthbearer.scope.claim.name = scope
	sasl.oauthbearer.sub.claim.name = sub
	sasl.oauthbearer.token.endpoint.url = null
	security.protocol = PLAINTEXT
	security.providers = null
	send.buffer.bytes = 131072
	socket.connection.setup.timeout.max.ms = 30000
	socket.connection.setup.timeout.ms = 10000
	ssl.cipher.suites = null
	ssl.enabled.protocols = [TLSv1.2, TLSv1.3]
	ssl.endpoint.identification.algorithm = https
	ssl.engine.factory.class = null
	ssl.key.password = null
	ssl.keymanager.algorithm = SunX509
	ssl.keystore.certificate.chain = null
	ssl.keystore.key = null
	ssl.keystore.location = null
	ssl.keystore.password = null
	ssl.keystore.type = JKS
	ssl.protocol = TLSv1.3
	ssl.provider = null
	ssl.secure.random.implementation = null
	ssl.trustmanager.algorithm = PKIX
	ssl.truststore.certificates = null
	ssl.truststore.location = null
	ssl.truststore.password = null
	ssl.truststore.type = JKS
	transaction.timeout.ms = 60000
	transactional.id = null
	value.serializer = class org.springframework.kafka.support.serializer.JsonSerializer

2025-08-25T15:27:52.614+02:00  INFO 16444 --- [Package-Sorting] [ntainer#0-0-C-1] o.a.k.c.t.i.KafkaMetricsCollector        : initializing Kafka metrics collector
2025-08-25T15:27:52.623+02:00  INFO 16444 --- [Package-Sorting] [ntainer#0-0-C-1] o.a.k.clients.producer.KafkaProducer     : [Producer clientId=Package-Sorting-producer-1] Instantiated an idempotent producer.
2025-08-25T15:27:52.636+02:00  INFO 16444 --- [Package-Sorting] [ntainer#0-0-C-1] o.a.kafka.common.utils.AppInfoParser     : Kafka version: 3.9.1
2025-08-25T15:27:52.636+02:00  INFO 16444 --- [Package-Sorting] [ntainer#0-0-C-1] o.a.kafka.common.utils.AppInfoParser     : Kafka commitId: f745dfdcee2b9851
2025-08-25T15:27:52.636+02:00  INFO 16444 --- [Package-Sorting] [ntainer#0-0-C-1] o.a.kafka.common.utils.AppInfoParser     : Kafka startTimeMs: 1756128472636
2025-08-25T15:27:52.643+02:00  INFO 16444 --- [Package-Sorting] [ting-producer-1] org.apache.kafka.clients.Metadata        : [Producer clientId=Package-Sorting-producer-1] Cluster ID: 5L6g3nShT-eMCtK--X86sw
2025-08-25T15:27:52.644+02:00  INFO 16444 --- [Package-Sorting] [ting-producer-1] o.a.k.c.p.internals.TransactionManager   : [Producer clientId=Package-Sorting-producer-1] ProducerId set to 4006 with epoch 0
2025-08-25T15:27:52.663+02:00  INFO 16444 --- [Package-Sorting] [ntainer#0-0-C-1] o.e.p.service.PackageSortingService      : Sent topic org.example.packagesorting.model.PackageSortedEvent@7d90b627
2025-08-25T15:27:52.681+02:00  INFO 16444 --- [Package-Sorting] [ntainer#0-0-C-1] o.e.p.service.PackageSortingService      : Added sorted package org.example.packagesorting.model.SortedPackage@20c2090c
2025-08-25T15:28:02.682+02:00  INFO 16444 --- [Package-Sorting] [ntainer#0-0-C-1] o.e.p.service.PackageSortingService      : Sent topic org.example.packagesorting.model.PackageSortedEvent@7f0fb48f
